This file contains any messages produced by compilers while
running configure, to aid debugging if configure makes a mistake.

It was created by configure, which was
generated by GNU Autoconf 2.63.  Invocation command line was

  $ ./configure --with-php-config=/abserver/php-fpm/bin/php-config

## --------- ##
## Platform. ##
## --------- ##

hostname = member
uname -m = x86_64
uname -r = 2.6.32-431.17.1.el6.x86_64
uname -s = Linux
uname -v = #1 SMP Wed May 7 23:32:49 UTC 2014

/usr/bin/uname -p = unknown
/bin/uname -X     = unknown

/bin/arch              = x86_64
/usr/bin/arch -k       = unknown
/usr/convex/getsysinfo = unknown
/usr/bin/hostinfo      = unknown
/bin/machine           = unknown
/usr/bin/oslevel       = unknown
/bin/universe          = unknown

PATH: /usr/local/sbin
PATH: /usr/local/bin
PATH: /sbin
PATH: /bin
PATH: /usr/sbin
PATH: /usr/bin
PATH: /root/bin


## ----------- ##
## Core tests. ##
## ----------- ##

configure:2320: checking for grep that handles long lines and -e
configure:2380: result: /bin/grep
configure:2385: checking for egrep
configure:2449: result: /bin/grep -E
configure:2454: checking for a sed that does not truncate output
configure:2508: result: /bin/sed
configure:2640: checking for cc
configure:2656: found /usr/bin/cc
configure:2667: result: cc
configure:2701: checking for C compiler version
configure:2709: cc --version >&5
cc (GCC) 4.4.7 20120313 (Red Hat 4.4.7-17)
Copyright (C) 2010 Free Software Foundation, Inc.
This is free software; see the source for copying conditions.  There is NO
warranty; not even for MERCHANTABILITY or FITNESS FOR A PARTICULAR PURPOSE.

configure:2713: $? = 0
configure:2720: cc -v >&5
Using built-in specs.
Target: x86_64-redhat-linux
Configured with: ../configure --prefix=/usr --mandir=/usr/share/man --infodir=/usr/share/info --with-bugurl=http://bugzilla.redhat.com/bugzilla --enable-bootstrap --enable-shared --enable-threads=posix --enable-checking=release --with-system-zlib --enable-__cxa_atexit --disable-libunwind-exceptions --enable-gnu-unique-object --enable-languages=c,c++,objc,obj-c++,java,fortran,ada --enable-java-awt=gtk --disable-dssi --with-java-home=/usr/lib/jvm/java-1.5.0-gcj-1.5.0.0/jre --enable-libgcj-multifile --enable-java-maintainer-mode --with-ecj-jar=/usr/share/java/eclipse-ecj.jar --disable-libjava-multilib --with-ppl --with-cloog --with-tune=generic --with-arch_32=i686 --build=x86_64-redhat-linux
Thread model: posix
gcc version 4.4.7 20120313 (Red Hat 4.4.7-17) (GCC) 
configure:2724: $? = 0
configure:2731: cc -V >&5
cc: '-V' option must have argument
configure:2735: $? = 1
configure:2758: checking for C compiler default output file name
configure:2780: cc    conftest.c  >&5
configure:2784: $? = 0
configure:2822: result: a.out
configure:2841: checking whether the C compiler works
configure:2851: ./a.out
configure:2855: $? = 0
configure:2874: result: yes
configure:2881: checking whether we are cross compiling
configure:2883: result: no
configure:2886: checking for suffix of executables
configure:2893: cc -o conftest    conftest.c  >&5
configure:2897: $? = 0
configure:2923: result: 
configure:2929: checking for suffix of object files
configure:2955: cc -c   conftest.c >&5
configure:2959: $? = 0
configure:2984: result: o
configure:2988: checking whether we are using the GNU C compiler
configure:3017: cc -c   conftest.c >&5
configure:3024: $? = 0
configure:3041: result: yes
configure:3050: checking whether cc accepts -g
configure:3080: cc -c -g  conftest.c >&5
configure:3087: $? = 0
configure:3188: result: yes
configure:3205: checking for cc option to accept ISO C89
configure:3279: cc  -c -g -O2  conftest.c >&5
configure:3286: $? = 0
configure:3309: result: none needed
configure:3333: checking how to run the C preprocessor
configure:3373: cc -E  conftest.c
configure:3380: $? = 0
configure:3411: cc -E  conftest.c
conftest.c:8:28: error: ac_nonexistent.h: No such file or directory
configure:3418: $? = 1
configure: failed program was:
| /* confdefs.h.  */
| #define PACKAGE_NAME ""
| #define PACKAGE_TARNAME ""
| #define PACKAGE_VERSION ""
| #define PACKAGE_STRING ""
| #define PACKAGE_BUGREPORT ""
| /* end confdefs.h.  */
| #include <ac_nonexistent.h>
configure:3451: result: cc -E
configure:3480: cc -E  conftest.c
configure:3487: $? = 0
configure:3518: cc -E  conftest.c
conftest.c:8:28: error: ac_nonexistent.h: No such file or directory
configure:3525: $? = 1
configure: failed program was:
| /* confdefs.h.  */
| #define PACKAGE_NAME ""
| #define PACKAGE_TARNAME ""
| #define PACKAGE_VERSION ""
| #define PACKAGE_STRING ""
| #define PACKAGE_BUGREPORT ""
| /* end confdefs.h.  */
| #include <ac_nonexistent.h>
configure:3567: checking for icc
configure:3580: result: no
configure:3594: checking for suncc
configure:3607: result: no
configure:3625: checking whether cc understands -c and -o together
configure:3657: cc -c conftest.c -o conftest2.o >&5
configure:3661: $? = 0
configure:3667: cc -c conftest.c -o conftest2.o >&5
configure:3671: $? = 0
configure:3726: result: yes
configure:3742: checking for system library directory
configure:3760: result: lib
configure:3767: checking if compiler supports -R
configure:3796: cc -o conftest -g -O2   conftest.c -R /usr/lib  >&5
cc: unrecognized option '-R'
/usr/lib: file not recognized: Is a directory
collect2: ld returned 1 exit status
configure:3803: $? = 1
configure: failed program was:
| /* confdefs.h.  */
| #define PACKAGE_NAME ""
| #define PACKAGE_TARNAME ""
| #define PACKAGE_VERSION ""
| #define PACKAGE_STRING ""
| #define PACKAGE_BUGREPORT ""
| /* end confdefs.h.  */
| 
| int
| main ()
| {
| 
|   ;
|   return 0;
| }
configure:3825: result: no
configure:3830: checking if compiler supports -Wl,-rpath,
configure:3859: cc -o conftest -g -O2   conftest.c -Wl,-rpath,/usr/lib  >&5
configure:3866: $? = 0
configure:3888: result: yes
configure:3937: checking build system type
configure:3955: result: x86_64-unknown-linux-gnu
configure:3977: checking host system type
configure:3992: result: x86_64-unknown-linux-gnu
configure:4014: checking target system type
configure:4029: result: x86_64-unknown-linux-gnu
configure:4141: checking for PHP prefix
configure:4143: result: /abserver/php-fpm
configure:4145: checking for PHP includes
configure:4147: result: -I/abserver/php-fpm/include/php -I/abserver/php-fpm/include/php/main -I/abserver/php-fpm/include/php/TSRM -I/abserver/php-fpm/include/php/Zend -I/abserver/php-fpm/include/php/ext -I/abserver/php-fpm/include/php/ext/date/lib
configure:4149: checking for PHP extension directory
configure:4151: result: /abserver/php-fpm/lib/php/extensions/no-debug-zts-20060613
configure:4153: checking for PHP installed headers prefix
configure:4155: result: /abserver/php-fpm/include/php
configure:4158: checking if debug is enabled
configure:4188: result: no
configure:4191: checking if zts is enabled
configure:4221: result: no
configure:4303: checking for re2c
configure:4333: result: no
configure:4358: WARNING: You will need re2c 0.13.4 or later if you want to regenerate PHP parsers.
configure:4372: checking for gawk
configure:4389: found /bin/gawk
configure:4400: result: gawk
configure:4450: checking whether to enable gearman support
configure:4493: result: yes, shared
configure:4504: result: found in /usr
configure:4615: checking for gearman_client_set_context in -lgearman
configure:4650: cc -o conftest -g -O2 -Wall   conftest.c -lgearman   >&5
configure:4657: $? = 0
configure:4678: result: yes
configure:4900: checking for gearman_worker_set_server_option in -lgearman
configure:4935: cc -o conftest -g -O2 -Wall   conftest.c -lgearman   >&5
configure:4942: $? = 0
configure:4963: result: yes
configure:5185: checking for gearman_job_error in -lgearman
configure:5220: cc -o conftest -g -O2 -Wall   conftest.c -lgearman   >&5
configure:5227: $? = 0
configure:5248: result: yes
configure:5470: checking for gearman_client_unique_status in -lgearman
configure:5505: cc -o conftest -g -O2 -Wall   conftest.c -lgearman   >&5
configure:5512: $? = 0
configure:5533: result: yes
configure:6081: checking for ld used by cc
configure:6148: result: /usr/bin/ld
configure:6157: checking if the linker (/usr/bin/ld) is GNU ld
configure:6172: result: yes
configure:6177: checking for /usr/bin/ld option to reload object files
configure:6184: result: -r
configure:6202: checking for BSD-compatible nm
configure:6251: result: /usr/bin/nm -B
configure:6255: checking whether ln -s works
configure:6259: result: yes
configure:6266: checking how to recognize dependent libraries
configure:6452: result: pass_all
configure:6537: cc -c -g -O2 -Wall  conftest.c >&5
configure:6540: $? = 0
configure:6693: checking for ANSI C header files
configure:6723: cc -c -g -O2 -Wall  conftest.c >&5
configure:6730: $? = 0
configure:6829: cc -o conftest -g -O2 -Wall   conftest.c  >&5
configure:6833: $? = 0
configure:6839: ./conftest
configure:6843: $? = 0
configure:6861: result: yes
configure:6885: checking for sys/types.h
configure:6906: cc -c -g -O2 -Wall  conftest.c >&5
configure:6913: $? = 0
configure:6930: result: yes
configure:6885: checking for sys/stat.h
configure:6906: cc -c -g -O2 -Wall  conftest.c >&5
configure:6913: $? = 0
configure:6930: result: yes
configure:6885: checking for stdlib.h
configure:6906: cc -c -g -O2 -Wall  conftest.c >&5
configure:6913: $? = 0
configure:6930: result: yes
configure:6885: checking for string.h
configure:6906: cc -c -g -O2 -Wall  conftest.c >&5
configure:6913: $? = 0
configure:6930: result: yes
configure:6885: checking for memory.h
configure:6906: cc -c -g -O2 -Wall  conftest.c >&5
configure:6913: $? = 0
configure:6930: result: yes
configure:6885: checking for strings.h
configure:6906: cc -c -g -O2 -Wall  conftest.c >&5
configure:6913: $? = 0
configure:6930: result: yes
configure:6885: checking for inttypes.h
configure:6906: cc -c -g -O2 -Wall  conftest.c >&5
configure:6913: $? = 0
configure:6930: result: yes
configure:6885: checking for stdint.h
configure:6906: cc -c -g -O2 -Wall  conftest.c >&5
configure:6913: $? = 0
configure:6930: result: yes
configure:6885: checking for unistd.h
configure:6906: cc -c -g -O2 -Wall  conftest.c >&5
configure:6913: $? = 0
configure:6930: result: yes
configure:6960: checking dlfcn.h usability
configure:6977: cc -c -g -O2 -Wall  conftest.c >&5
configure:6984: $? = 0
configure:6998: result: yes
configure:7002: checking dlfcn.h presence
configure:7017: cc -E  conftest.c
configure:7024: $? = 0
configure:7038: result: yes
configure:7066: checking for dlfcn.h
configure:7075: result: yes
configure:7102: checking the maximum length of command line arguments
configure:7214: result: 1966080
configure:7226: checking command to parse /usr/bin/nm -B output from cc object
configure:7331: cc -c -g -O2 -Wall  conftest.c >&5
configure:7334: $? = 0
configure:7338: /usr/bin/nm -B conftest.o \| sed -n -e 's/^.*[ 	]\([ABCDGIRSTW][ABCDGIRSTW]*\)[ 	][ 	]*\([_A-Za-z][_A-Za-z0-9]*\)$/\1 \2 \2/p' \> conftest.nm
configure:7341: $? = 0
configure:7393: cc -o conftest -g -O2 -Wall   conftest.c conftstm.o >&5
configure:7396: $? = 0
configure:7434: result: ok
configure:7438: checking for objdir
configure:7453: result: .libs
configure:7545: checking for ar
configure:7561: found /usr/bin/ar
configure:7572: result: ar
configure:7637: checking for ranlib
configure:7653: found /usr/bin/ranlib
configure:7664: result: ranlib
configure:7729: checking for strip
configure:7745: found /usr/bin/strip
configure:7756: result: strip
configure:8325: checking if cc supports -fno-rtti -fno-exceptions
configure:8343: cc -c -g -O2 -Wall  -fno-rtti -fno-exceptions conftest.c >&5
cc1: warning: command line option "-fno-rtti" is valid for C++/ObjC++ but not for C
configure:8347: $? = 0
configure:8360: result: no
configure:8375: checking for cc option to produce PIC
configure:8615: result: -fPIC
configure:8623: checking if cc PIC flag -fPIC works
configure:8641: cc -c -g -O2 -Wall  -fPIC -DPIC conftest.c >&5
configure:8645: $? = 0
configure:8658: result: yes
configure:8686: checking if cc static flag -static works
configure:8714: result: no
configure:8724: checking if cc supports -c -o file.o
configure:8745: cc -c -g -O2 -Wall  -o out/conftest2.o conftest.c >&5
configure:8749: $? = 0
configure:8771: result: yes
configure:8797: checking whether the cc linker (/usr/bin/ld -m elf_x86_64) supports shared libraries
configure:9729: result: yes
configure:9750: checking whether -lc should be explicitly linked in
configure:9755: cc -c -g -O2 -Wall  conftest.c >&5
configure:9758: $? = 0
configure:9773: cc -shared conftest.o  -v -Wl,-soname -Wl,conftest -o conftest 2\>\&1 \| grep  -lc  \>/dev/null 2\>\&1
configure:9776: $? = 0
configure:9788: result: no
configure:9796: checking dynamic linker characteristics
configure:10398: result: GNU/Linux ld.so
configure:10422: checking how to hardcode library paths into programs
configure:10447: result: immediate
configure:10461: checking whether stripping libraries is possible
configure:10466: result: yes
configure:11296: checking if libtool supports shared libraries
configure:11298: result: yes
configure:11301: checking whether to build shared libraries
configure:11322: result: yes
configure:11325: checking whether to build static libraries
configure:11329: result: no
configure:11424: result:
creating libtool
configure:15125: creating ./config.status

## ---------------------- ##
## Running config.status. ##
## ---------------------- ##

This file was extended by config.status, which was
generated by GNU Autoconf 2.63.  Invocation command line was

  CONFIG_FILES    = 
  CONFIG_HEADERS  = 
  CONFIG_LINKS    = 
  CONFIG_COMMANDS = 
  $ ./config.status 

on member

config.status:610: creating config.h

## ---------------- ##
## Cache variables. ##
## ---------------- ##

ac_cv_build=x86_64-unknown-linux-gnu
ac_cv_c_compiler_gnu=yes
ac_cv_env_CC_set=
ac_cv_env_CC_value=
ac_cv_env_CFLAGS_set=
ac_cv_env_CFLAGS_value=
ac_cv_env_CPPFLAGS_set=
ac_cv_env_CPPFLAGS_value=
ac_cv_env_CPP_set=
ac_cv_env_CPP_value=
ac_cv_env_LDFLAGS_set=
ac_cv_env_LDFLAGS_value=
ac_cv_env_LIBS_set=
ac_cv_env_LIBS_value=
ac_cv_env_build_alias_set=
ac_cv_env_build_alias_value=
ac_cv_env_host_alias_set=
ac_cv_env_host_alias_value=
ac_cv_env_target_alias_set=
ac_cv_env_target_alias_value=
ac_cv_header_dlfcn_h=yes
ac_cv_header_inttypes_h=yes
ac_cv_header_memory_h=yes
ac_cv_header_stdc=yes
ac_cv_header_stdint_h=yes
ac_cv_header_stdlib_h=yes
ac_cv_header_string_h=yes
ac_cv_header_strings_h=yes
ac_cv_header_sys_stat_h=yes
ac_cv_header_sys_types_h=yes
ac_cv_header_unistd_h=yes
ac_cv_host=x86_64-unknown-linux-gnu
ac_cv_lib_gearman_gearman_client_set_context=yes
ac_cv_lib_gearman_gearman_client_unique_status=yes
ac_cv_lib_gearman_gearman_job_error=yes
ac_cv_lib_gearman_gearman_worker_set_server_option=yes
ac_cv_objext=o
ac_cv_path_EGREP='/bin/grep -E'
ac_cv_path_GREP=/bin/grep
ac_cv_prog_AWK=gawk
ac_cv_prog_CPP='cc -E'
ac_cv_prog_ac_ct_AR=ar
ac_cv_prog_ac_ct_CC=cc
ac_cv_prog_ac_ct_RANLIB=ranlib
ac_cv_prog_ac_ct_STRIP=strip
ac_cv_prog_cc_c89=
ac_cv_prog_cc_cc_c_o=yes
ac_cv_prog_cc_g=yes
ac_cv_target=x86_64-unknown-linux-gnu
lt_cv_deplibs_check_method=pass_all
lt_cv_file_magic_cmd='$MAGIC_CMD'
lt_cv_file_magic_test_file=
lt_cv_ld_reload_flag=-r
lt_cv_objdir=.libs
lt_cv_path_LD=/usr/bin/ld
lt_cv_path_NM='/usr/bin/nm -B'
lt_cv_path_SED=/bin/sed
lt_cv_prog_compiler_c_o=yes
lt_cv_prog_compiler_pic_works=yes
lt_cv_prog_compiler_rtti_exceptions=no
lt_cv_prog_compiler_static_works=no
lt_cv_prog_gnu_ld=yes
lt_cv_sys_global_symbol_pipe='sed -n -e '\''s/^.*[ 	]\([ABCDGIRSTW][ABCDGIRSTW]*\)[ 	][ 	]*\([_A-Za-z][_A-Za-z0-9]*\)$/\1 \2 \2/p'\'''
lt_cv_sys_global_symbol_to_c_name_address='sed -n -e '\''s/^: \([^ ]*\) $/  {\"\1\", (lt_ptr) 0},/p'\'' -e '\''s/^[BCDEGRST] \([^ ]*\) \([^ ]*\)$/  {"\2", (lt_ptr) \&\2},/p'\'''
lt_cv_sys_global_symbol_to_cdecl='sed -n -e '\''s/^. .* \(.*\)$/extern int \1;/p'\'''
lt_cv_sys_lib_dlsearch_path_spec='/lib /usr/lib '
lt_cv_sys_lib_search_path_spec='/usr/lib/gcc/x86_64-redhat-linux/4.4.7 /usr/lib64 /lib64'
lt_cv_sys_max_cmd_len=1966080
lt_lt_cv_prog_compiler_c_o='"yes"'
lt_lt_cv_sys_global_symbol_pipe='"sed -n -e '\''s/^.*[ 	]\\([ABCDGIRSTW][ABCDGIRSTW]*\\)[ 	][ 	]*\\([_A-Za-z][_A-Za-z0-9]*\\)\$/\\1 \\2 \\2/p'\''"'
lt_lt_cv_sys_global_symbol_to_c_name_address='"sed -n -e '\''s/^: \\([^ ]*\\) \$/  {\\\"\\1\\\", (lt_ptr) 0},/p'\'' -e '\''s/^[BCDEGRST] \\([^ ]*\\) \\([^ ]*\\)\$/  {\"\\2\", (lt_ptr) \\&\\2},/p'\''"'
lt_lt_cv_sys_global_symbol_to_cdecl='"sed -n -e '\''s/^. .* \\(.*\\)\$/extern int \\1;/p'\''"'
php_cv_cc_dashr=no
php_cv_cc_rpath=yes

## ----------------- ##
## Output variables. ##
## ----------------- ##

AR='ar'
AWK='gawk'
CC='cc'
CFLAGS='-g -O2 -Wall'
CONFIGURE_COMMAND=' '\''./configure'\''  '\''--with-php-config=/abserver/php-fpm/bin/php-config'\'''
CONFIGURE_OPTIONS=' '\''--with-php-config=/abserver/php-fpm/bin/php-config'\'''
CPP='cc -E'
CPPFLAGS=' -DHAVE_CONFIG_H'
DEFS='-DHAVE_CONFIG_H'
DSYMUTIL=''
ECHO='echo'
ECHO_C=''
ECHO_N='-n'
ECHO_T=''
EGREP='/bin/grep -E'
EXEEXT=''
GREP='/bin/grep'
LDFLAGS=''
LIBOBJS=''
LIBS=''
LIBTOOL='$(SHELL) $(top_builddir)/libtool'
LN_S='ln -s'
LTLIBOBJS=''
NMEDIT=''
OBJEXT='o'
PACKAGE_BUGREPORT=''
PACKAGE_NAME=''
PACKAGE_STRING=''
PACKAGE_TARNAME=''
PACKAGE_VERSION=''
PATH_SEPARATOR=':'
RANLIB='ranlib'
RE2C='exit 0;'
SED='/bin/sed'
SHELL='/bin/sh'
SHLIB_DL_SUFFIX_NAME='so'
SHLIB_SUFFIX_NAME='so'
STRIP='strip'
ac_ct_CC='cc'
bindir='${exec_prefix}/bin'
build='x86_64-unknown-linux-gnu'
build_alias=''
build_cpu='x86_64'
build_os='linux-gnu'
build_vendor='unknown'
datadir='${datarootdir}'
datarootdir='${prefix}/share'
docdir='${datarootdir}/doc/${PACKAGE}'
dvidir='${docdir}'
exec_prefix='$(prefix)'
host='x86_64-unknown-linux-gnu'
host_alias='x86_64-unknown-linux-gnu'
host_cpu='x86_64'
host_os='linux-gnu'
host_vendor='unknown'
htmldir='${docdir}'
includedir='${prefix}/include'
infodir='${datarootdir}/info'
libdir='${exec_prefix}/lib'
libexecdir='${exec_prefix}/libexec'
localedir='${datarootdir}/locale'
localstatedir='${prefix}/var'
mandir='${datarootdir}/man'
oldincludedir='/usr/include'
pdfdir='${docdir}'
prefix='/abserver/php-fpm'
program_transform_name='s,x,x,'
psdir='${docdir}'
sbindir='${exec_prefix}/sbin'
sharedstatedir='${prefix}/com'
sysconfdir='${prefix}/etc'
target='x86_64-unknown-linux-gnu'
target_alias=''
target_cpu='x86_64'
target_os='linux-gnu'
target_vendor='unknown'

## ----------- ##
## confdefs.h. ##
## ----------- ##

#define PACKAGE_NAME ""
#define PACKAGE_TARNAME ""
#define PACKAGE_VERSION ""
#define PACKAGE_STRING ""
#define PACKAGE_BUGREPORT ""
#define HAVE_GEARMAN 1
#define HAVE_GEARMAN 1
#define HAVE_GEARMAN 1
#define HAVE_GEARMAN 1
#define COMPILE_DL_GEARMAN 1
#define STDC_HEADERS 1
#define HAVE_SYS_TYPES_H 1
#define HAVE_SYS_STAT_H 1
#define HAVE_STDLIB_H 1
#define HAVE_STRING_H 1
#define HAVE_MEMORY_H 1
#define HAVE_STRINGS_H 1
#define HAVE_INTTYPES_H 1
#define HAVE_STDINT_H 1
#define HAVE_UNISTD_H 1
#define HAVE_DLFCN_H 1

configure: exit 0
